2026-05-04T23:07:52.276Z	Initializing build environment...
2026-05-04T23:08:39.922Z	Success: Finished initializing build environment
2026-05-04T23:08:40.681Z	Cloning repository...
2026-05-04T23:08:51.412Z	Detected the following tools from environment: npm@10.9.2, nodejs@22.16.0
2026-05-04T23:08:51.413Z	Restoring from dependencies cache
2026-05-04T23:08:51.415Z	Restoring from build output cache
2026-05-04T23:08:51.573Z	Installing project dependencies: npm clean-install --progress=false
2026-05-04T23:08:58.504Z	
2026-05-04T23:08:58.506Z	added 38 packages, and audited 39 packages in 6s
2026-05-04T23:08:58.507Z	
2026-05-04T23:08:58.507Z	9 packages are looking for funding
2026-05-04T23:08:58.507Z	  run `npm fund` for details
2026-05-04T23:08:58.508Z	
2026-05-04T23:08:58.508Z	found 0 vulnerabilities
2026-05-04T23:08:59.668Z	Executing user deploy command: npx wrangler versions upload
2026-05-04T23:09:01.902Z	
2026-05-04T23:09:01.903Z	 ⛅️ wrangler 4.87.0
2026-05-04T23:09:01.903Z	───────────────────
2026-05-04T23:09:01.990Z	
2026-05-04T23:09:02.138Z	✘ [ERROR] Missing entry-point to Worker script or to assets directory
2026-05-04T23:09:02.139Z	
2026-05-04T23:09:02.141Z	  
2026-05-04T23:09:02.142Z	  If there is code to deploy, you can either:
2026-05-04T23:09:02.144Z	  - Specify an entry-point to your Worker script via the command line (ex: `npx wrangler versions upload src/index.ts`)
2026-05-04T23:09:02.145Z	  - Or create a "wrangler.jsonc" file containing:
2026-05-04T23:09:02.145Z	  
2026-05-04T23:09:02.145Z	  ```
2026-05-04T23:09:02.145Z	  {
2026-05-04T23:09:02.145Z	    "name": "worker-name",
2026-05-04T23:09:02.146Z	    "compatibility_date": "2026-05-04",
2026-05-04T23:09:02.146Z	    "main": "src/index.ts"
2026-05-04T23:09:02.146Z	  }
2026-05-04T23:09:02.146Z	  ```
2026-05-04T23:09:02.147Z	  
2026-05-04T23:09:02.149Z	  
2026-05-04T23:09:02.157Z	  If are uploading a directory of assets, you can either:
2026-05-04T23:09:02.157Z	  - Specify the path to the directory of assets via the command line: (ex: `npx wrangler versions upload --assets=./dist`)
2026-05-04T23:09:02.158Z	  - Or create a "wrangler.jsonc" file containing:
2026-05-04T23:09:02.159Z	  
2026-05-04T23:09:02.159Z	  ```
2026-05-04T23:09:02.159Z	  {
2026-05-04T23:09:02.159Z	    "name": "worker-name",
2026-05-04T23:09:02.159Z	    "compatibility_date": "2026-05-04",
2026-05-04T23:09:02.160Z	    "assets": {
2026-05-04T23:09:02.160Z	      "directory": "./dist"
2026-05-04T23:09:02.160Z	    }
2026-05-04T23:09:02.160Z	  }
2026-05-04T23:09:02.160Z	  ```
2026-05-04T23:09:02.160Z	  
2026-05-04T23:09:02.160Z	
2026-05-04T23:09:02.160Z	
2026-05-04T23:09:02.251Z	🪵  Logs were written to "/opt/buildhome/.config/.wrangler/logs/wrangler-2026-05-04_23-09-01_443.log"
2026-05-04T23:09:02.450Z	Failed: error occurred while running deploy command